<?xml version="1.0" encoding="UTF-8"?>
<!-- Generated by org.testng.reporters.JUnitXMLReporter -->
<testsuite ignored="2" hostname="DESKTOP-4D96T8D" failures="0" tests="0" time="0.009" errors="0" timestamp="26 Jun 2024 13:45:17 GMT">
  <testcase classname="neevsystems.SeleniumFrameWork.LoginErrorValidationSec20" name="ProductErrorValidation" time="0.0">
    <ignored/>
  </testcase> <!-- ProductErrorValidation -->
  <testcase classname="neevsystems.SeleniumFrameWork.LoginErrorValidationSec20" name="LoginErrorValidation" time="0.0">
    <ignored/>
  </testcase> <!-- LoginErrorValidation -->
</testsuite>
