<?xml version="1.0" encoding="UTF-8"?>
<!-- Generated by org.testng.reporters.JUnitXMLReporter -->
<testsuite ignored="0" hostname="DESKTOP-4D96T8D" failures="0" tests="3" name="Submit Order Test" time="25.629" errors="0" timestamp="27 Jun 2024 05:19:56 GMT">
  <testcase classname="neevsystems.SeleniumFrameWork.StandAloneSubmitOrder" name="submitOrder" time="6.044"/>
  <testcase classname="neevsystems.SeleniumFrameWork.StandAloneSubmitOrder" name="submitOrder" time="4.468"/>
  <testcase classname="neevsystems.SeleniumFrameWork.StandAloneSubmitOrder" name="OrderHistoryTest" time="0.856"/>
</testsuite> <!-- Submit Order Test -->
